2026-07-06 15:06:56 - generic_experiment - INFO - Experiment created: Results/INHEXC_1306/generic_experiment
2026-07-06 15:12:03 - generic_experiment - INFO - Experiment created: Results/INHEXC_1306/generic_experiment
2026-07-06 15:17:14 - generic_experiment - INFO - Experiment created: Results/INHEXC_1306/generic_experiment
2026-07-06 15:18:28 - generic_experiment - INFO - Experiment created: Results/INHEXC_1306/generic_experiment
2026-07-06 15:30:05 - generic_experiment - INFO - Experiment created: Results/INHEXC_1306/generic_experiment
2026-07-06 15:31:09 - generic_experiment - INFO - Experiment created: Results/INHEXC_1306/generic_experiment
2026-07-06 15:35:49 - generic_experiment - INFO - Experiment created: Results/INHEXC_1306/generic_experiment
2026-07-06 15:37:59 - generic_experiment - INFO - Experiment created: Results/INHEXC_1306/generic_experiment
2026-07-06 15:39:47 - generic_experiment - INFO - Experiment created: Results/INHEXC_1306/generic_experiment
2026-07-06 16:17:44 - generic_experiment - INFO - Experiment created: Results/INHEXC_1306/generic_experiment
2026-07-06 16:18:14 - generic_experiment - INFO - Experiment created: Results/INHEXC_1306/generic_experiment
2026-07-06 16:19:58 - generic_experiment - INFO - Experiment created: Results/INHEXC_1306/generic_experiment
2026-07-06 16:23:27 - generic_experiment - INFO - Experiment created: Results/INHEXC_1306/generic_experiment
2026-07-06 16:25:10 - generic_experiment - INFO - Teaching percentage: 0.50
2026-07-06 16:25:29 - generic_experiment - INFO - Epoch 1/1: Loss = 154.292760  Spikes = 86516252.0
2026-07-06 16:25:29 - generic_experiment - INFO - Results saved to Results/INHEXC_1306/generic_experiment/models/INHEXC_1306_test_results.npz
2026-07-06 16:25:30 - generic_experiment - INFO - Rasters saved to Results/INHEXC_1306/generic_experiment/models/INHEXC_1306_test_results_rasters.npz
2026-07-06 16:34:05 - generic_experiment - INFO - Experiment created: Results/INHEXC_1306/generic_experiment
2026-07-06 16:34:13 - generic_experiment - INFO - Teaching percentage: 0.50
2026-07-06 16:34:32 - generic_experiment - INFO - Epoch 1/1: Loss = 154.292760  Spikes = 86516252.0
2026-07-06 16:34:32 - generic_experiment - INFO - Results saved to Results/INHEXC_1306/generic_experiment/models/INHEXC_1306_test_results.npz
2026-07-06 16:34:33 - generic_experiment - INFO - Rasters saved to Results/INHEXC_1306/generic_experiment/models/INHEXC_1306_test_results_rasters.npz
2026-07-06 16:37:30 - generic_experiment - INFO - Experiment created: Results/INHEXC_1306/generic_experiment
2026-07-06 16:42:14 - generic_experiment - INFO - Experiment created: Results/INHEXC_1306/generic_experiment
2026-07-06 16:42:32 - generic_experiment - INFO - Teaching percentage: 0.50
2026-07-06 16:42:47 - generic_experiment - INFO - Epoch 1/1: Loss = 27.945577  Spikes = 121171600.0
2026-07-06 16:42:47 - generic_experiment - INFO - Results saved to Results/INHEXC_1306/generic_experiment/models/INHEXC_1306_test_results.npz
2026-07-06 16:42:47 - generic_experiment - INFO - Rasters saved to Results/INHEXC_1306/generic_experiment/models/INHEXC_1306_test_results_rasters.npz
2026-07-06 16:43:31 - generic_experiment - INFO - Experiment created: Results/INHEXC_1306/generic_experiment
2026-07-06 16:43:43 - generic_experiment - INFO - Teaching percentage: 0.50
2026-07-06 16:44:05 - generic_experiment - INFO - Epoch 1/1: Loss = 27.945577  Spikes = 121171600.0
2026-07-06 16:44:05 - generic_experiment - INFO - Results saved to Results/INHEXC_1306/generic_experiment/models/INHEXC_1306_test_results.npz
2026-07-06 16:44:05 - generic_experiment - INFO - Rasters saved to Results/INHEXC_1306/generic_experiment/models/INHEXC_1306_test_results_rasters.npz
2026-07-06 17:20:37 - generic_experiment - INFO - Experiment created: Results/INHEXC_1306/generic_experiment
2026-07-06 17:28:03 - generic_experiment - INFO - Experiment created: Results/INHEXC_1306/generic_experiment
2026-07-06 17:28:17 - generic_experiment - INFO - Teaching percentage: 0.50
2026-07-06 17:28:34 - generic_experiment - INFO - Epoch 1/1: Loss = 0.618441  Spikes = 15699815.0
2026-07-06 17:28:34 - generic_experiment - INFO - Results saved to Results/INHEXC_1306/generic_experiment/models/INHEXC_1306_test_results.npz
2026-07-06 17:28:34 - generic_experiment - INFO - Rasters saved to Results/INHEXC_1306/generic_experiment/models/INHEXC_1306_test_results_rasters.npz
